<?xml version="1.0" encoding="UTF-8"?>
<testsuite name="ScrabbleTest" tests="3" skipped="0" failures="0" errors="0" timestamp="2020-04-16T14:27:06" hostname="wangui-HP-EliteBook-840-G1" time="0.003">
  <properties/>
  <testcase name="calculateScore_returnsScoreForSingleLetter_1" classname="ScrabbleTest" time="0.002"/>
  <testcase name="calculateScore_returnsScoreForSingleLetter_2" classname="ScrabbleTest" time="0.0"/>
  <testcase name="calculateScore_returnsScoreForSingleLetter_c" classname="ScrabbleTest" time="0.0"/>
  <system-out><![CDATA[]]></system-out>
  <system-err><![CDATA[]]></system-err>
</testsuite>
